2023-07-06 19:51:25 | INFO | Test on server file
2023-07-08 04:14:42 | INFO | Test on server file
2023-07-08 04:44:26 | INFO | Test on server file
2023-07-08 04:46:35 | INFO | Test on server file
2023-07-08 04:46:40 | INFO | Test on server file
2023-07-08 04:46:42 | INFO | Test on server file
2023-07-08 04:49:39 | INFO | Test on server file
2023-07-08 04:51:31 | INFO | Test on server file
2023-07-08 04:51:41 | INFO | Test on server file
2023-07-08 04:54:37 | INFO | Test on server file
2023-07-08 04:54:43 | INFO | Test on server file
2023-07-08 04:56:53 | INFO | Test on server file
2023-07-08 04:57:08 | INFO | Test on server file
2023-07-08 04:57:17 | INFO | Test on server file
2023-07-08 04:57:19 | INFO | Test on server file
2023-07-08 04:57:35 | INFO | Test on server file
2023-07-08 04:57:37 | INFO | Test on server file
2023-07-08 05:09:21 | INFO | Test on server file
2023-07-08 05:09:21 | INFO | Test on server file
2023-07-08 05:09:28 | INFO | Test on server file
2023-07-08 05:09:39 | INFO | Test on server file
2023-07-08 05:10:33 | INFO | Test on server file
2023-07-08 05:11:21 | INFO | Test on server file
2023-07-08 05:11:24 | INFO | Test on server file
2023-07-08 05:11:34 | INFO | Test on server file
2023-07-08 05:12:02 | INFO | Test on server file
2023-07-08 05:12:06 | INFO | Test on server file
2023-07-08 05:12:07 | INFO | Test on server file
2023-07-08 05:13:14 | INFO | Test on server file
2023-07-08 05:14:38 | INFO | Test on server file
2023-07-08 05:14:47 | INFO | Test on server file
2023-07-08 05:14:53 | INFO | Test on server file
2023-07-08 05:15:12 | INFO | Test on server file
2023-07-08 05:15:54 | INFO | Test on server file
2023-07-08 05:16:44 | INFO | Test on server file
2023-07-08 07:12:18| da75ea8b-343f-417d-a377-1c598990862c | INFO | GET | /
2023-07-08 07:12:18| ec438cae-ed34-4336-817e-5f43e264aece | INFO | GET | /css/style.css
2023-07-08 07:12:25| 75bcbb5c-6957-43d2-a644-307d176e2387 | INFO | GET | /
2023-07-08 07:12:25| 58e591b3-201e-492a-87d5-59d6a5f7cb6c | INFO | GET | /css/style.css
2023-07-08 07:12:29| dc74776c-4b8f-4144-bbad-506454621fb2 | INFO | GET | /yhuytu
2023-07-08 07:12:29| e1c1d9de-de87-45ac-bc0e-ca0d2dbe6fd3 | INFO | GET | /css/styles.css
